#
# A fatal error has been detected by the Java Runtime Environment:
#
#  SIGSEGV (0xb) at pc=0x00007f2831ea3b31, pid=3638, tid=3646
#
# JRE version: OpenJDK Runtime Environment Temurin-17.0.3+7 (17.0.3+7) (build 17.0.3+7)
# Java VM: OpenJDK 64-Bit Server VM Temurin-17.0.3+7 (17.0.3+7, mixed mode, tiered, compressed oops, compressed class ptrs, parallel gc, linux-amd64)
# Problematic frame:
# V  [libjvm.so+0xdfeb31]  void ConcurrentHashTable<SymbolTableConfig, (MEMFLAGS)10>::do_bulk_delete_locked_for<SymbolTableDeleteCheck, SymbolTableDoDelete>(Thread*, unsigned long, unsigned long, SymbolTableDeleteCheck&, SymbolTableDoDelete&, bool)+0xf1
#
# Core dump will be written. Default location: Core dumps may be processed with "/usr/share/apport/apport %p %s %c %d %P %E" (or dumping to /home/carolt/Desktop/CS/Data_Structure_Algorithm/cs61b/proj1gold/core.3638)
#
# If you would like to submit a bug report, please visit:
#   https://github.com/adoptium/adoptium-support/issues
#

---------------  S U M M A R Y ------------

Command Line: --add-modules=ALL-SYSTEM --add-opens=java.base/java.util=ALL-UNNAMED --add-opens=java.base/java.lang=ALL-UNNAMED --add-opens=java.base/sun.nio.fs=ALL-UNNAMED -Declipse.application=org.eclipse.jdt.ls.core.id1 -Dosgi.bundles.defaultStartLevel=4 -Declipse.product=org.eclipse.jdt.ls.core.product -Djava.import.generatesMetadataFilesAtProjectRoot=false -Dfile.encoding=utf8 -XX:+UseParallelGC -XX:GCTimeRatio=4 -XX:AdaptiveSizePolicyWeight=90 -Dsun.zip.disableMemoryMapping=true -Xmx1G -Xms100m -javaagent:/home/carolt/.vscode/extensions/redhat.java-1.9.0-linux-x64/lombok/lombok-1.18.24.jar /home/carolt/.vscode/extensions/redhat.java-1.9.0-linux-x64/server/plugins/org.eclipse.equinox.launcher_1.6.400.v20210924-0641.jar -configuration /home/carolt/.config/Code/User/globalStorage/redhat.java/1.9.0/config_ss_linux -data /home/carolt/.config/Code/User/workspaceStorage/3df8795acfe9d1c7229c9e5509dd5ed9/redhat.java/ss_ws

Host: AMD Ryzen 5 3500U with Radeon Vega Mobile Gfx, 1 cores, 1G, Ubuntu 16.04.7 LTS
Time: Thu Aug  4 19:37:12 2022 PDT elapsed time: 7.670923 seconds (0d 0h 0m 7s)

---------------  T H R E A D  ---------------

Current thread (0x00007f282c124390):  JavaThread "Service Thread" daemon [_thread_in_vm, id=3646, stack(0x00007f281271e000,0x00007f281281f000)]

Stack: [0x00007f281271e000,0x00007f281281f000],  sp=0x00007f281281d360,  free space=1020k
Native frames: (J=compiled Java code, j=interpreted, Vv=VM code, C=native code)
V  [libjvm.so+0xdfeb31]  void ConcurrentHashTable<SymbolTableConfig, (MEMFLAGS)10>::do_bulk_delete_locked_for<SymbolTableDeleteCheck, SymbolTableDoDelete>(Thread*, unsigned long, unsigned long, SymbolTableDeleteCheck&, SymbolTableDoDelete&, bool)+0xf1
V  [libjvm.so+0xdfe406]  SymbolTable::clean_dead_entries(JavaThread*)+0x186
V  [libjvm.so+0xdfe695]  SymbolTable::do_concurrent_work(JavaThread*)+0x85
V  [libjvm.so+0xcc486c]  ServiceThread::service_thread_entry(JavaThread*, JavaThread*)+0x4dc
V  [libjvm.so+0xe54904]  JavaThread::thread_main_inner()+0x184
V  [libjvm.so+0xe5805e]  Thread::call_run()+0xde
V  [libjvm.so+0xc120f1]  thread_native_entry(Thread*)+0xe1


siginfo: si_signo: 11 (SIGSEGV), si_code: 1 (SEGV_MAPERR), si_addr: 0x000055f324e7d5a8

Register to memory mapping:

RAX=0x00007f282c3984f0 points into unknown readable memory: 0x0000000000000000 | 00 00 00 00 00 00 00 00
RBX=0x00007f2832e5f748 points into unknown readable memory: 0x000055f326e6dc60 | 60 dc e6 26 f3 55 00 00
RCX=0x00000000067e0001 is an unknown value
RDX=0x000055f324e7d5a0 is an unknown value
RSP=0x00007f281281d360 is pointing into the stack for thread: 0x00007f282c124390
RBP=0x00007f281281dbf0 is pointing into the stack for thread: 0x00007f282c124390
RSI=0x00007f2832e28010 points into unknown readable memory: 0x000055f326f757b0 | b0 57 f7 26 f3 55 00 00
RDI=0x0 is NULL
R8 =0x0 is NULL
R9 =0x00007f281281dc00 is pointing into the stack for thread: 0x00007f282c124390
R10=0x0 is NULL
R11=0x0000000000000246 is an unknown value
R12=0x0000000000000001 is an unknown value
R13=0x0000000000006ee8 is an unknown value
R14=0x00007f282c049050 points into unknown readable memory: 0x0000000000000000 | 00 00 00 00 00 00 00 00
R15=0x00007f281281dc30 is pointing into the stack for thread: 0x00007f282c124390


Registers:
RAX=0x00007f282c3984f0, RBX=0x00007f2832e5f748, RCX=0x00000000067e0001, RDX=0x000055f324e7d5a0
RSP=0x00007f281281d360, RBP=0x00007f281281dbf0, RSI=0x00007f2832e28010, RDI=0x0000000000000000
R8 =0x0000000000000000, R9 =0x00007f281281dc00, R10=0x0000000000000000, R11=0x0000000000000246
R12=0x0000000000000001, R13=0x0000000000006ee8, R14=0x00007f282c049050, R15=0x00007f281281dc30
RIP=0x00007f2831ea3b31, EFLAGS=0x0000000000010206, CSGSFS=0x002b000000000033, ERR=0x0000000000000004
  TRAPNO=0x000000000000000e

Top of Stack: (sp=0x00007f281281d360)
0x00007f281281d360:   00007f281281dc38 0000000000000000
0x00007f281281d370:   00007f282c124488 00007f281281dc30
0x00007f281281d380:   0000000000006e25 00007f282c049000
0x00007f281281d390:   0000000000000000 0000000000000000 

Instructions: (pc=0x00007f2831ea3b31)
0x00007f2831ea3a31:   48 89 85 48 ff ff ff e8 53 76 c9 ff c9 c3 90 55
0x00007f2831ea3a41:   48 89 e5 41 57 4d 89 c7 41 56 41 55 49 89 d5 41
0x00007f2831ea3a51:   54 53 48 81 ec 68 08 00 00 0f b6 45 10 48 89 bd
0x00007f2831ea3a61:   98 f7 ff ff 48 89 b5 b0 f7 ff ff 88 85 7f f7 ff
0x00007f2831ea3a71:   ff 48 8b 47 08 48 89 8d c0 f7 ff ff 4c 89 8d 70
0x00007f2831ea3a81:   f7 ff ff 48 89 85 b8 f7 ff ff 48 8b be f8 00 00
0x00007f2831ea3a91:   00 48 89 f8 40 f6 c7 01 75 12 48 8d 05 3e 70 4f
0x00007f2831ea3aa1:   00 48 8b 80 80 00 00 00 48 83 c8 01 48 8b b5 b0
0x00007f2831ea3ab1:   f7 ff ff 48 81 c6 f8 00 00 00 48 89 b5 80 f7 ff
0x00007f2831ea3ac1:   ff 48 87 06 4c 3b ad c0 f7 ff ff 0f 83 3c 01 00
0x00007f2831ea3ad1:   00 66 0f 1f 44 00 00 48 8b 85 b8 f7 ff ff 31 d2
0x00007f2831ea3ae1:   48 8b 30 4a 8d 04 ed 00 00 00 00 49 83 c5 01 48
0x00007f2831ea3af1:   8d 1c 06 4c 3b ad c0 f7 ff ff 73 11 48 8d 54 06
0x00007f2831ea3b01:   08 48 85 d2 74 07 48 8b 12 48 83 e2 fc 48 8b 03
0x00007f2831ea3b11:   48 83 e0 fc 0f 84 e6 00 00 00 45 31 c0 eb 0c 48
0x00007f2831ea3b21:   8b 00 48 85 c0 0f 84 d5 00 00 00 48 85 d2 74 0c
0x00007f2831ea3b31:   48 8b 4a 08 42 0f 18 0c 01 48 8b 12 48 8b 08 48
0x00007f2831ea3b41:   85 c9 74 09 48 8b 49 08 42 0f 18 0c 01 49 83 07
0x00007f2831ea3b51:   01 48 8b 48 08 8b 09 66 85 c9 75 c3 48 8b 85 b0
0x00007f2831ea3b61:   f7 ff ff 49 89 de 45 31 e4 48 89 b8 f8 00 00 00
0x00007f2831ea3b71:   48 8b 03 a8 01 75 1f 48 8b 13 48 83 e2 fc 48 89
0x00007f2831ea3b81:   d1 48 89 d0 48 83 c9 01 f0 48 0f b1 0b 48 39 c2
0x00007f2831ea3b91:   0f 84 a9 00 00 00 41 83 c4 01 41 81 fc 00 20 00
0x00007f2831ea3ba1:   00 0f 84 88 00 00 00 e8 b3 84 c8 ff 48 8b 03 a8
0x00007f2831ea3bb1:   01 74 c4 eb e1 66 2e 0f 1f 84 00 00 00 00 00 4c
0x00007f2831ea3bc1:   8b ad 90 f7 ff ff 4c 8b bd 88 f7 ff ff 48 8b 85
0x00007f2831ea3bd1:   b0 f7 ff ff 48 8b b8 f8 00 00 00 48 89 f8 40 f6
0x00007f2831ea3be1:   c7 01 75 12 48 8d 05 f4 6e 4f 00 48 8b 80 80 00
0x00007f2831ea3bf1:   00 00 48 83 c8 01 48 8b b5 80 f7 ff ff 48 87 06
0x00007f2831ea3c01:   4c 3b ad c0 f7 ff ff 0f 82 ca fe ff ff 48 8b 85
0x00007f2831ea3c11:   b0 f7 ff ff 48 89 b8 f8 00 00 00 48 81 c4 68 08
0x00007f2831ea3c21:   00 00 5b 41 5c 41 5d 41 5e 41 5f 5d c3 66 90 e8 


Stack slot to memory mapping:
stack at sp + 0 slots: 0x00007f281281dc38 is pointing into the stack for thread: 0x00007f282c124390
stack at sp + 1 slots: 0x0 is NULL
stack at sp + 2 slots: 0x00007f282c124488 points into unknown readable memory: 0x0000000000000b93 | 93 0b 00 00 00 00 00 00
stack at sp + 3 slots: 0x00007f281281dc30 is pointing into the stack for thread: 0x00007f282c124390
stack at sp + 4 slots: 0x0000000000006e25 is an unknown value
stack at sp + 5 slots: 0x00007f282c049000 points into unknown readable memory: 0x0000000000000000 | 00 00 00 00 00 00 00 00
stack at sp + 6 slots: 0x0 is NULL
stack at sp + 7 slots: 0x0 is NULL


---------------  P R O C E S S  ---------------

Threads class SMR info:
_java_thread_list=0x000055f327179e70, length=20, elements={
0x00007f282c027250, 0x00007f282c0fac50, 0x00007f282c0fc280, 0x00007f282c123000,
0x00007f282c124390, 0x00007f282c127840, 0x00007f282c1291e0, 0x00007f282c12a6e0,
0x00007f282c12bb30, 0x00007f282c17dc50, 0x00007f282c2668f0, 0x00007f282c2f3e80,
0x00007f282c3d6ae0, 0x00007f282c43b8c0, 0x00007f282c43e3a0, 0x000055f326dde140,
0x000055f326eb0d20, 0x000055f32705d090, 0x000055f327162d40, 0x000055f327179260
}

Java Threads: ( => current thread )
  0x00007f282c027250 JavaThread "main" [_thread_blocked, id=3639, stack(0x00007f2832ed2000,0x00007f2832fd3000)]
  0x00007f282c0fac50 JavaThread "Reference Handler" daemon [_thread_blocked, id=3642, stack(0x00007f2812cf9000,0x00007f2812dfa000)]
  0x00007f282c0fc280 JavaThread "Finalizer" daemon [_thread_blocked, id=3643, stack(0x00007f2812bf8000,0x00007f2812cf9000)]
  0x00007f282c123000 JavaThread "Signal Dispatcher" daemon [_thread_blocked, id=3645, stack(0x00007f281281f000,0x00007f2812920000)]
=>0x00007f282c124390 JavaThread "Service Thread" daemon [_thread_in_vm, id=3646, stack(0x00007f281271e000,0x00007f281281f000)]
  0x00007f282c127840 JavaThread "Monitor Deflation Thread" daemon [_thread_blocked, id=3647, stack(0x00007f281261d000,0x00007f281271e000)]
  0x00007f282c1291e0 JavaThread "C2 CompilerThread0" daemon [_thread_blocked, id=3648, stack(0x00007f281251c000,0x00007f281261d000)]
  0x00007f282c12a6e0 JavaThread "C1 CompilerThread0" daemon [_thread_blocked, id=3649, stack(0x00007f281241b000,0x00007f281251c000)]
  0x00007f282c12bb30 JavaThread "Sweeper thread" daemon [_thread_blocked, id=3650, stack(0x00007f281231a000,0x00007f281241b000)]
  0x00007f282c17dc50 JavaThread "Common-Cleaner" daemon [_thread_blocked, id=3654, stack(0x00007f2812219000,0x00007f281231a000)]
  0x00007f282c2668f0 JavaThread "Notification Thread" daemon [_thread_blocked, id=3665, stack(0x00007f2812118000,0x00007f2812219000)]
  0x00007f282c2f3e80 JavaThread "process reaper" daemon [_thread_blocked, id=3670, stack(0x00007f2813cdd000,0x00007f2813cff000)]
  0x00007f282c3d6ae0 JavaThread "Active Thread: Equinox Container: badc206d-2fef-444f-a00b-17919288d64f" [_thread_blocked, id=3673, stack(0x00007f28116ff000,0x00007f2811800000)]
  0x00007f282c43b8c0 JavaThread "Framework Event Dispatcher: Equinox Container: badc206d-2fef-444f-a00b-17919288d64f" daemon [_thread_blocked, id=3675, stack(0x00007f28115fe000,0x00007f28116ff000)]
  0x00007f282c43e3a0 JavaThread "Start Level: Equinox Container: badc206d-2fef-444f-a00b-17919288d64f" daemon [_thread_in_vm, id=3676, stack(0x00007f28114fd000,0x00007f28115fe000)] _threads_hazard_ptr=0x000055f327179e70
  0x000055f326dde140 JavaThread "SCR Component Actor" daemon [_thread_blocked, id=3677, stack(0x00007f28111ea000,0x00007f28112eb000)]
  0x000055f326eb0d20 JavaThread "SCR Component Registry" daemon [_thread_blocked, id=3681, stack(0x00007f28110e9000,0x00007f28111ea000)]
  0x000055f32705d090 JavaThread "Worker-JM" [_thread_blocked, id=3683, stack(0x00007f28106ff000,0x00007f2810800000)]
  0x000055f327162d40 JavaThread "Worker-0" [_thread_blocked, id=3685, stack(0x00007f28105fe000,0x00007f28106ff000)]
  0x000055f327179260 JavaThread "Worker-1" [_thread_blocked, id=3686, stack(0x00007f28104fd000,0x00007f28105fe000)]

Other Threads:
  0x00007f282c0eba00 VMThread "VM Thread" [stack: 0x00007f2812dfb000,0x00007f2812efb000] [id=3641]
  0x00007f282c267c50 WatcherThread [stack: 0x00007f2812018000,0x00007f2812118000] [id=3666]
  0x00007f282c03d870 GCTaskThread "GC Thread#0" [stack: 0x00007f283007e000,0x00007f283017e000] [id=3640]

Threads with active compile tasks:

VM state: not at safepoint (normal execution)

VM Mutex/Monitor currently owned by a thread: None

Heap address: 0x00000000c0000000, size: 1024 MB, Compressed Oops mode: 32-bit

CDS archive(s) not mapped
Compressed class space mapped at: 0x0000000100000000-0x0000000140000000, reserved size: 1073741824
Narrow klass base: 0x0000000000000000, Narrow klass shift: 3, Narrow klass range: 0x140000000

GC Precious Log:
 CPUs: 1 total, 1 available
 Memory: 1970M
 Large Page Support: Disabled
 NUMA Support: Disabled
 Compressed Oops: Enabled (32-bit)
 Alignments: Space 512K, Generation 512K, Heap 2M
 Heap Min Capacity: 100M
 Heap Initial Capacity: 100M
 Heap Max Capacity: 1G
 Pre-touch: Disabled
 Parallel Workers: 1

Heap:
 PSYoungGen      total 29696K, used 931K [0x00000000eab00000, 0x00000000ecc00000, 0x0000000100000000)
  eden space 25600K, 3% used [0x00000000eab00000,0x00000000eabe8e40,0x00000000ec400000)
  from space 4096K, 0% used [0x00000000ec800000,0x00000000ec800000,0x00000000ecc00000)
  to   space 4096K, 0% used [0x00000000ec400000,0x00000000ec400000,0x00000000ec800000)
 ParOldGen       total 68608K, used 7059K [0x00000000c0000000, 0x00000000c4300000, 0x00000000eab00000)
  object space 68608K, 10% used [0x00000000c0000000,0x00000000c06e4f48,0x00000000c4300000)
 Metaspace       used 21106K, committed 21568K, reserved 1073152K
  class space    used 2182K, committed 2368K, reserved 1048576K

Card table byte_map: [0x00007f281a1f1000,0x00007f281a3f2000] _byte_map_base: 0x00007f2819bf1000

Marking Bits: (ParMarkBitMap*) 0x00007f28323b64e0
 Begin Bits: [0x00007f281809b000, 0x00007f281909b000)
 End Bits:   [0x00007f281909b000, 0x00007f281a09b000)

Polling page: 0x00007f2833004000

Metaspace:

Usage:
  Non-class:     18.48 MB used.
      Class:      2.13 MB used.
       Both:     20.61 MB used.

Virtual space:
  Non-class space:       24.00 MB reserved,      18.75 MB ( 78%) committed,  3 nodes.
      Class space:        1.00 GB reserved,       2.31 MB ( <1%) committed,  1 nodes.
             Both:        1.02 GB reserved,      21.06 MB (  2%) committed. 

Chunk freelists:
   Non-Class:  1.11 MB
       Class:  1.51 MB
        Both:  2.62 MB

MaxMetaspaceSize: unlimited
CompressedClassSpaceSize: 1.00 GB
Initial GC threshold: 21.00 MB
Current GC threshold: 35.00 MB
CDS: off
MetaspaceReclaimPolicy: balanced
 - commit_granule_bytes: 65536.
 - commit_granule_words: 8192.
 - virtual_space_node_default_size: 1048576.
 - enlarge_chunks_in_place: 1.
 - new_chunks_are_fully_committed: 0.
 - uncommit_free_chunks: 1.
 - use_allocation_guard: 0.
 - handle_deallocations: 1.


Internal statistics:

num_allocs_failed_limit: 3.
num_arena_births: 178.
num_arena_deaths: 14.
num_vsnodes_births: 4.
num_vsnodes_deaths: 0.
num_space_committed: 337.
num_space_uncommitted: 0.
num_chunks_returned_to_freelist: 17.
num_chunks_taken_from_freelist: 620.
num_chunk_merges: 7.
num_chunk_splits: 422.
num_chunks_enlarged: 308.
num_purges: 2.
num_inconsistent_stats: 0.

CodeHeap 'non-profiled nmethods': size=120036Kb used=680Kb max_used=680Kb free=119355Kb
 bounds [0x00007f2821eb9000, 0x00007f2822129000, 0x00007f28293f2000]
CodeHeap 'profiled nmethods': size=120032Kb used=4017Kb max_used=4017Kb free=116014Kb
 bounds [0x00007f281a981000, 0x00007f281ad71000, 0x00007f2821eb9000]
CodeHeap 'non-nmethods': size=5692Kb used=1182Kb max_used=1196Kb free=4509Kb
 bounds [0x00007f281a3f2000, 0x00007f281a662000, 0x00007f281a981000]
 total_blobs=2524 nmethods=2041 adapters=398
 compilation: enabled
              stopped_count=0, restarted_count=0
 full_count=0

Compilation events (20 events):
Event: 7.473 Thread 0x00007f282c12a6e0 2041       3       java.util.ArrayDeque::toArray (99 bytes)
Event: 7.473 Thread 0x00007f282c12a6e0 nmethod 2041 0x00007f281ad69810 code [0x00007f281ad69a00, 0x00007f281ad69f90]
Event: 7.479 Thread 0x00007f282c12a6e0 2042       3       org.apache.felix.scr.impl.logger.ScrLogManager$ScrLoggerFacade::isLogEnabled (109 bytes)
Event: 7.479 Thread 0x00007f282c12a6e0 nmethod 2042 0x00007f281ad6a110 code [0x00007f281ad6a380, 0x00007f281ad6af10]
Event: 7.479 Thread 0x00007f282c12a6e0 2043       3       org.osgi.service.log.LogLevel::implies (15 bytes)
Event: 7.479 Thread 0x00007f282c12a6e0 nmethod 2043 0x00007f281ad6b290 code [0x00007f281ad6b440, 0x00007f281ad6b5f0]
Event: 7.479 Thread 0x00007f282c12a6e0 2044       3       org.eclipse.osgi.internal.log.LoggerImpl::isDebugEnabled (11 bytes)
Event: 7.480 Thread 0x00007f282c12a6e0 nmethod 2044 0x00007f281ad6b690 code [0x00007f281ad6b840, 0x00007f281ad6ba30]
Event: 7.495 Thread 0x00007f282c12a6e0 2045       3       jdk.internal.reflect.ConstructorAccessorImpl::<init> (5 bytes)
Event: 7.495 Thread 0x00007f282c12a6e0 nmethod 2045 0x00007f281ad6bb10 code [0x00007f281ad6bcc0, 0x00007f281ad6be70]
Event: 7.510 Thread 0x00007f282c12a6e0 2046       1       jdk.internal.reflect.NativeConstructorAccessorImpl::setParent (6 bytes)
Event: 7.510 Thread 0x00007f282c12a6e0 nmethod 2046 0x00007f2821f62b90 code [0x00007f2821f62d20, 0x00007f2821f62df0]
Event: 7.515 Thread 0x00007f282c12a6e0 2048       3       java.util.HashMap::entrySet (27 bytes)
Event: 7.515 Thread 0x00007f282c12a6e0 nmethod 2048 0x00007f281ad6bf90 code [0x00007f281ad6c160, 0x00007f281ad6c4d0]
Event: 7.515 Thread 0x00007f282c12a6e0 2049       3       java.util.HashMap$EntrySet::iterator (12 bytes)
Event: 7.515 Thread 0x00007f282c12a6e0 nmethod 2049 0x00007f281ad6c610 code [0x00007f281ad6c7c0, 0x00007f281ad6c9e0]
Event: 7.518 Thread 0x00007f282c12a6e0 2050       3       java.util.stream.StreamOpFlag::fromCharacteristics (37 bytes)
Event: 7.518 Thread 0x00007f282c12a6e0 nmethod 2050 0x00007f281ad6cb10 code [0x00007f281ad6cce0, 0x00007f281ad6cff0]
Event: 7.518 Thread 0x00007f282c12a6e0 2051       3       java.util.stream.AbstractPipeline::<init> (55 bytes)
Event: 7.518 Thread 0x00007f282c12a6e0 nmethod 2051 0x00007f281ad6d110 code [0x00007f281ad6d2c0, 0x00007f281ad6d4f0]

GC Heap History (10 events):
Event: 2.870 GC heap before
{Heap before GC invocations=1 (full 0):
 PSYoungGen      total 29696K, used 25600K [0x00000000eab00000, 0x00000000ecc00000, 0x0000000100000000)
  eden space 25600K, 100% used [0x00000000eab00000,0x00000000ec400000,0x00000000ec400000)
  from space 4096K, 0% used [0x00000000ec800000,0x00000000ec800000,0x00000000ecc00000)
  to   space 4096K, 0% used [0x00000000ec400000,0x00000000ec400000,0x00000000ec800000)
 ParOldGen       total 68608K, used 0K [0x00000000c0000000, 0x00000000c4300000, 0x00000000eab00000)
  object space 68608K, 0% used [0x00000000c0000000,0x00000000c0000000,0x00000000c4300000)
 Metaspace       used 11146K, committed 11328K, reserved 1064960K
  class space    used 1129K, committed 1216K, reserved 1048576K
}
Event: 2.894 GC heap after
{Heap after GC invocations=1 (full 0):
 PSYoungGen      total 29696K, used 3249K [0x00000000eab00000, 0x00000000ecc00000, 0x0000000100000000)
  eden space 25600K, 0% used [0x00000000eab00000,0x00000000eab00000,0x00000000ec400000)
  from space 4096K, 79% used [0x00000000ec400000,0x00000000ec72c608,0x00000000ec800000)
  to   space 4096K, 0% used [0x00000000ec800000,0x00000000ec800000,0x00000000ecc00000)
 ParOldGen       total 68608K, used 0K [0x00000000c0000000, 0x00000000c4300000, 0x00000000eab00000)
  object space 68608K, 0% used [0x00000000c0000000,0x00000000c0000000,0x00000000c4300000)
 Metaspace       used 11146K, committed 11328K, reserved 1064960K
  class space    used 1129K, committed 1216K, reserved 1048576K
}
Event: 4.952 GC heap before
{Heap before GC invocations=2 (full 0):
 PSYoungGen      total 29696K, used 28849K [0x00000000eab00000, 0x00000000ecc00000, 0x0000000100000000)
  eden space 25600K, 100% used [0x00000000eab00000,0x00000000ec400000,0x00000000ec400000)
  from space 4096K, 79% used [0x00000000ec400000,0x00000000ec72c608,0x00000000ec800000)
  to   space 4096K, 0% used [0x00000000ec800000,0x00000000ec800000,0x00000000ecc00000)
 ParOldGen       total 68608K, used 0K [0x00000000c0000000, 0x00000000c4300000, 0x00000000eab00000)
  object space 68608K, 0% used [0x00000000c0000000,0x00000000c0000000,0x00000000c4300000)
 Metaspace       used 15466K, committed 15744K, reserved 1064960K
  class space    used 1591K, committed 1728K, reserved 1048576K
}
Event: 4.984 GC heap after
{Heap after GC invocations=2 (full 0):
 PSYoungGen      total 29696K, used 4094K [0x00000000eab00000, 0x00000000ecc00000, 0x0000000100000000)
  eden space 25600K, 0% used [0x00000000eab00000,0x00000000eab00000,0x00000000ec400000)
  from space 4096K, 99% used [0x00000000ec800000,0x00000000ecbff9e0,0x00000000ecc00000)
  to   space 4096K, 0% used [0x00000000ec400000,0x00000000ec400000,0x00000000ec800000)
 ParOldGen       total 68608K, used 721K [0x00000000c0000000, 0x00000000c4300000, 0x00000000eab00000)
  object space 68608K, 1% used [0x00000000c0000000,0x00000000c00b4580,0x00000000c4300000)
 Metaspace       used 15466K, committed 15744K, reserved 1064960K
  class space    used 1591K, committed 1728K, reserved 1048576K
}
Event: 7.389 GC heap before
{Heap before GC invocations=3 (full 0):
 PSYoungGen      total 29696K, used 29694K [0x00000000eab00000, 0x00000000ecc00000, 0x0000000100000000)
  eden space 25600K, 100% used [0x00000000eab00000,0x00000000ec400000,0x00000000ec400000)
  from space 4096K, 99% used [0x00000000ec800000,0x00000000ecbff9e0,0x00000000ecc00000)
  to   space 4096K, 0% used [0x00000000ec400000,0x00000000ec400000,0x00000000ec800000)
 ParOldGen       total 68608K, used 721K [0x00000000c0000000, 0x00000000c4300000, 0x00000000eab00000)
  object space 68608K, 1% used [0x00000000c0000000,0x00000000c00b4580,0x00000000c4300000)
 Metaspace       used 20660K, committed 21056K, reserved 1073152K
  class space    used 2126K, committed 2304K, reserved 1048576K
}
Event: 7.418 GC heap after
{Heap after GC invocations=3 (full 0):
 PSYoungGen      total 29696K, used 4072K [0x00000000eab00000, 0x00000000ecc00000, 0x0000000100000000)
  eden space 25600K, 0% used [0x00000000eab00000,0x00000000eab00000,0x00000000ec400000)
  from space 4096K, 99% used [0x00000000ec400000,0x00000000ec7fa1e0,0x00000000ec800000)
  to   space 4096K, 0% used [0x00000000ec800000,0x00000000ec800000,0x00000000ecc00000)
 ParOldGen       total 68608K, used 3069K [0x00000000c0000000, 0x00000000c4300000, 0x00000000eab00000)
  object space 68608K, 4% used [0x00000000c0000000,0x00000000c02ff578,0x00000000c4300000)
 Metaspace       used 20660K, committed 21056K, reserved 1073152K
  class space    used 2126K, committed 2304K, reserved 1048576K
}
Event: 7.523 GC heap before
{Heap before GC invocations=4 (full 0):
 PSYoungGen      total 29696K, used 7106K [0x00000000eab00000, 0x00000000ecc00000, 0x0000000100000000)
  eden space 25600K, 11% used [0x00000000eab00000,0x00000000eadf6888,0x00000000ec400000)
  from space 4096K, 99% used [0x00000000ec400000,0x00000000ec7fa1e0,0x00000000ec800000)
  to   space 4096K, 0% used [0x00000000ec800000,0x00000000ec800000,0x00000000ecc00000)
 ParOldGen       total 68608K, used 3069K [0x00000000c0000000, 0x00000000c4300000, 0x00000000eab00000)
  object space 68608K, 4% used [0x00000000c0000000,0x00000000c02ff578,0x00000000c4300000)
 Metaspace       used 21075K, committed 21504K, reserved 1073152K
  class space    used 2176K, committed 2368K, reserved 1048576K
}
Event: 7.537 GC heap after
{Heap after GC invocations=4 (full 0):
 PSYoungGen      total 29696K, used 4076K [0x00000000eab00000, 0x00000000ecc00000, 0x0000000100000000)
  eden space 25600K, 0% used [0x00000000eab00000,0x00000000eab00000,0x00000000ec400000)
  from space 4096K, 99% used [0x00000000ec800000,0x00000000ecbfb2b0,0x00000000ecc00000)
  to   space 4096K, 0% used [0x00000000ec400000,0x00000000ec400000,0x00000000ec800000)
 ParOldGen       total 68608K, used 3125K [0x00000000c0000000, 0x00000000c4300000, 0x00000000eab00000)
  object space 68608K, 4% used [0x00000000c0000000,0x00000000c030d578,0x00000000c4300000)
 Metaspace       used 21075K, committed 21504K, reserved 1073152K
  class space    used 2176K, committed 2368K, reserved 1048576K
}
Event: 7.537 GC heap before
{Heap before GC invocations=5 (full 1):
 PSYoungGen      total 29696K, used 4076K [0x00000000eab00000, 0x00000000ecc00000, 0x0000000100000000)
  eden space 25600K, 0% used [0x00000000eab00000,0x00000000eab00000,0x00000000ec400000)
  from space 4096K, 99% used [0x00000000ec800000,0x00000000ecbfb2b0,0x00000000ecc00000)
  to   space 4096K, 0% used [0x00000000ec400000,0x00000000ec400000,0x00000000ec800000)
 ParOldGen       total 68608K, used 3125K [0x00000000c0000000, 0x00000000c4300000, 0x00000000eab00000)
  object space 68608K, 4% used [0x00000000c0000000,0x00000000c030d578,0x00000000c4300000)
 Metaspace       used 21075K, committed 21504K, reserved 1073152K
  class space    used 2176K, committed 2368K, reserved 1048576K
}
Event: 7.636 GC heap after
{Heap after GC invocations=5 (full 1):
 PSYoungGen      total 29696K, used 0K [0x00000000eab00000, 0x00000000ecc00000, 0x0000000100000000)
  eden space 25600K, 0% used [0x00000000eab00000,0x00000000eab00000,0x00000000ec400000)
  from space 4096K, 0% used [0x00000000ec800000,0x00000000ec800000,0x00000000ecc00000)
  to   space 4096K, 0% used [0x00000000ec400000,0x00000000ec400000,0x00000000ec800000)
 ParOldGen       total 68608K, used 7059K [0x00000000c0000000, 0x00000000c4300000, 0x00000000eab00000)
  object space 68608K, 10% used [0x00000000c0000000,0x00000000c06e4f48,0x00000000c4300000)
 Metaspace       used 21062K, committed 21504K, reserved 1073152K
  class space    used 2173K, committed 2368K, reserved 1048576K
}

Deoptimization events (20 events):
Event: 6.307 Thread 0x00007f282c43e3a0 Uncommon trap: trap_request=0xffffff45 fr.pc=0x00007f2821f083c0 relative=0x0000000000000320
Event: 6.307 Thread 0x00007f282c43e3a0 Uncommon trap: reason=unstable_if action=reinterpret pc=0x00007f2821f083c0 method=java.lang.StringLatin1.canEncode(I)Z @ 4 c2
Event: 6.307 Thread 0x00007f282c43e3a0 DEOPT PACKING pc=0x00007f2821f083c0 sp=0x00007f28115f1b60
Event: 6.307 Thread 0x00007f282c43e3a0 DEOPT UNPACKING pc=0x00007f281a443d99 sp=0x00007f28115f1a88 mode 2
Event: 6.307 Thread 0x00007f282c43e3a0 Uncommon trap: trap_request=0xffffff45 fr.pc=0x00007f2821eec624 relative=0x0000000000000304
Event: 6.307 Thread 0x00007f282c43e3a0 Uncommon trap: reason=unstable_if action=reinterpret pc=0x00007f2821eec624 method=java.lang.AbstractStringBuilder.isLatin1()Z @ 10 c2
Event: 6.307 Thread 0x00007f282c43e3a0 DEOPT PACKING pc=0x00007f2821eec624 sp=0x00007f28115f1b60
Event: 6.307 Thread 0x00007f282c43e3a0 DEOPT UNPACKING pc=0x00007f281a443d99 sp=0x00007f28115f1af0 mode 2
Event: 6.339 Thread 0x00007f282c43e3a0 Uncommon trap: trap_request=0xffffff45 fr.pc=0x00007f2821ed56fc relative=0x000000000000005c
Event: 6.339 Thread 0x00007f282c43e3a0 Uncommon trap: reason=unstable_if action=reinterpret pc=0x00007f2821ed56fc method=java.lang.String.isLatin1()Z @ 10 c2
Event: 6.339 Thread 0x00007f282c43e3a0 DEOPT PACKING pc=0x00007f2821ed56fc sp=0x00007f28115f17c0
Event: 6.339 Thread 0x00007f282c43e3a0 DEOPT UNPACKING pc=0x00007f281a443d99 sp=0x00007f28115f1770 mode 2
Event: 6.340 Thread 0x00007f282c43e3a0 Uncommon trap: trap_request=0xffffff45 fr.pc=0x00007f2821edcee8 relative=0x0000000000000048
Event: 6.340 Thread 0x00007f282c43e3a0 Uncommon trap: reason=unstable_if action=reinterpret pc=0x00007f2821edcee8 method=java.lang.CharacterData.of(I)Ljava/lang/CharacterData; @ 4 c2
Event: 6.340 Thread 0x00007f282c43e3a0 DEOPT PACKING pc=0x00007f2821edcee8 sp=0x00007f28115f1310
Event: 6.340 Thread 0x00007f282c43e3a0 DEOPT UNPACKING pc=0x00007f281a443d99 sp=0x00007f28115f12c8 mode 2
Event: 7.096 Thread 0x00007f282c43e3a0 Uncommon trap: trap_request=0xffffff45 fr.pc=0x00007f2821f23064 relative=0x00000000000009c4
Event: 7.096 Thread 0x00007f282c43e3a0 Uncommon trap: reason=unstable_if action=reinterpret pc=0x00007f2821f23064 method=java.util.HashMap.putVal(ILjava/lang/Object;Ljava/lang/Object;ZZ)Ljava/lang/Object; @ 236 c2
Event: 7.096 Thread 0x00007f282c43e3a0 DEOPT PACKING pc=0x00007f2821f23064 sp=0x00007f28115f2090
Event: 7.096 Thread 0x00007f282c43e3a0 DEOPT UNPACKING pc=0x00007f281a443d99 sp=0x00007f28115f2038 mode 2

Classes unloaded (7 events):
Event: 7.563 Thread 0x00007f282c0eba00 Unloading class 0x000000010021a800 'java/lang/invoke/LambdaForm$MH+0x000000010021a800'
Event: 7.563 Thread 0x00007f282c0eba00 Unloading class 0x000000010021a400 'java/lang/invoke/LambdaForm$MH+0x000000010021a400'
Event: 7.563 Thread 0x00007f282c0eba00 Unloading class 0x000000010021a000 'java/lang/invoke/LambdaForm$MH+0x000000010021a000'
Event: 7.563 Thread 0x00007f282c0eba00 Unloading class 0x0000000100219c00 'java/lang/invoke/LambdaForm$MH+0x0000000100219c00'
Event: 7.563 Thread 0x00007f282c0eba00 Unloading class 0x0000000100219400 'java/lang/invoke/LambdaForm$BMH+0x0000000100219400'
Event: 7.563 Thread 0x00007f282c0eba00 Unloading class 0x0000000100219000 'java/lang/invoke/LambdaForm$DMH+0x0000000100219000'
Event: 7.563 Thread 0x00007f282c0eba00 Unloading class 0x0000000100214400 'java/lang/invoke/LambdaForm$DMH+0x0000000100214400'

Classes redefined (0 events):
No events

Internal exceptions (20 events):
Event: 2.905 Thread 0x00007f282c027250 Exception <a 'java/lang/NoSuchMethodError'{0x00000000eab254b0}: 'void java.lang.invoke.DirectMethodHandle$Holder.invokeSpecial(java.lang.Object, java.lang.Object, java.lang.Object)'> (0x00000000eab254b0) 
thrown [../../src/hotspot/share/interpreter/linkResolver.cpp, line 765]
Event: 3.791 Thread 0x00007f282c027250 Exception <a 'java/lang/NoSuchMethodError'{0x00000000eb6aa9e0}: 'java.lang.Object java.lang.invoke.DirectMethodHandle$Holder.newInvokeSpecial(java.lang.Object, int, java.lang.Object)'> (0x00000000eb6aa9e0) 
thrown [../../src/hotspot/share/interpreter/linkResolver.cpp, line 765]
Event: 4.281 Thread 0x00007f282c027250 Exception <a 'java/lang/UnsatisfiedLinkError'{0x00000000ebbc9260}: 'void org.eclipse.equinox.launcher.JNIBridge._update_splash()'> (0x00000000ebbc9260) 
thrown [../../src/hotspot/share/prims/nativeLookup.cpp, line 543]
Event: 5.631 Thread 0x00007f282c43e3a0 Exception <a 'java/io/FileNotFoundException'{0x00000000eb17ee38}> (0x00000000eb17ee38) 
thrown [../../src/hotspot/share/prims/jni.cpp, line 516]
Event: 5.673 Thread 0x00007f282c43e3a0 Exception <a 'java/lang/NullPointerException'{0x00000000eb1d0ae8}> (0x00000000eb1d0ae8) 
thrown [../../src/hotspot/share/interpreter/linkResolver.cpp, line 1357]
Event: 5.673 Thread 0x00007f282c43e3a0 Exception <a 'java/lang/NullPointerException'{0x00000000eb1d1310}> (0x00000000eb1d1310) 
thrown [../../src/hotspot/share/interpreter/linkResolver.cpp, line 1357]
Event: 6.436 Thread 0x00007f282c43e3a0 Exception <a 'java/lang/NoSuchMethodError'{0x00000000eba82c88}: 'void java.lang.invoke.DirectMethodHandle$Holder.invokeInterface(java.lang.Object, java.lang.Object, java.lang.Object)'> (0x00000000eba82c88) 
thrown [../../src/hotspot/share/interpreter/linkResolver.cpp, line 765]
Event: 6.783 Thread 0x00007f282c43e3a0 Exception <a 'java/lang/NoSuchMethodError'{0x00000000ebd72a68}: 'java.lang.Object java.lang.invoke.Invokers$Holder.invokeExact_MT(java.lang.Object, java.lang.Object, java.lang.Object, java.lang.Object, java.lang.Object, java.lang.Object)'> (0x00000000ebd72a68) 
thrown [../../src/hotspot/share/interpreter/linkResolver.cpp, line 765]
Event: 6.848 Thread 0x00007f282c43e3a0 Exception <a 'java/lang/NoSuchMethodError'{0x00000000ebe54900}: 'java.lang.Object java.lang.invoke.DirectMethodHandle$Holder.invokeStatic(java.lang.Object, java.lang.Object, int)'> (0x00000000ebe54900) 
thrown [../../src/hotspot/share/interpreter/linkResolver.cpp, line 765]
Event: 6.853 Thread 0x00007f282c43e3a0 Exception <a 'java/lang/NoSuchMethodError'{0x00000000ebe590d0}: 'void java.lang.invoke.DirectMethodHandle$Holder.invokeStatic(java.lang.Object, java.lang.Object, int, java.lang.Object)'> (0x00000000ebe590d0) 
thrown [../../src/hotspot/share/interpreter/linkResolver.cpp, line 765]
Event: 6.867 Thread 0x00007f282c43e3a0 Exception <a 'java/lang/NoSuchMethodError'{0x00000000ebe60aa8}: 'void java.lang.invoke.DelegatingMethodHandle$Holder.delegate(java.lang.Object, java.lang.Object, int, java.lang.Object)'> (0x00000000ebe60aa8) 
thrown [../../src/hotspot/share/interpreter/linkResolver.cpp, line 765]
Event: 6.867 Thread 0x00007f282c43e3a0 Exception <a 'java/lang/NoSuchMethodError'{0x00000000ebe65138}: 'int java.lang.invoke.DirectMethodHandle$Holder.invokeSpecial(java.lang.Object, java.lang.Object, java.lang.Object)'> (0x00000000ebe65138) 
thrown [../../src/hotspot/share/interpreter/linkResolver.cpp, line 765]
Event: 6.882 Thread 0x00007f282c43e3a0 Exception <a 'java/lang/NoSuchMethodError'{0x00000000ebe75728}: 'int java.lang.invoke.DirectMethodHandle$Holder.invokeStatic(java.lang.Object, java.lang.Object, int)'> (0x00000000ebe75728) 
thrown [../../src/hotspot/share/interpreter/linkResolver.cpp, line 765]
Event: 6.885 Thread 0x00007f282c43e3a0 Exception <a 'java/lang/NoSuchMethodError'{0x00000000ebe799f8}: 'int java.lang.invoke.DirectMethodHandle$Holder.invokeSpecial(java.lang.Object, java.lang.Object, java.lang.Object, int)'> (0x00000000ebe799f8) 
thrown [../../src/hotspot/share/interpreter/linkResolver.cpp, line 765]
Event: 6.902 Thread 0x00007f282c43e3a0 Exception <a 'java/lang/NoSuchMethodError'{0x00000000ebe94350}: 'java.lang.Object java.lang.invoke.DirectMethodHandle$Holder.invokeStatic(java.lang.Object, java.lang.Object, java.lang.Object, java.lang.Object, int)'> (0x00000000ebe94350) 
thrown [../../src/hotspot/share/interpreter/linkResolver.cpp, line 765]
Event: 6.914 Thread 0x00007f282c43e3a0 Exception <a 'java/lang/NoSuchMethodError'{0x00000000ebe9fe88}: 'java.lang.Object java.lang.invoke.DelegatingMethodHandle$Holder.reinvoke_L(java.lang.Object, java.lang.Object, java.lang.Object, java.lang.Object, int, int)'> (0x00000000ebe9fe88) 
thrown [../../src/hotspot/share/interpreter/linkResolver.cpp, line 765]
Event: 6.926 Thread 0x00007f282c43e3a0 Exception <a 'java/lang/NoSuchMethodError'{0x00000000ebeb8358}: 'java.lang.Object java.lang.invoke.Invokers$Holder.invokeExact_MT(java.lang.Object, java.lang.Object, java.lang.Object, java.lang.Object)'> (0x00000000ebeb8358) 
thrown [../../src/hotspot/share/interpreter/linkResolver.cpp, line 765]
Event: 7.015 Thread 0x00007f282c43e3a0 Exception <a 'java/io/FileNotFoundException'{0x00000000ebfad6f0}> (0x00000000ebfad6f0) 
thrown [../../src/hotspot/share/prims/jni.cpp, line 516]
Event: 7.018 Thread 0x00007f282c43e3a0 Exception <a 'java/io/FileNotFoundException'{0x00000000ebfc4610}> (0x00000000ebfc4610) 
thrown [../../src/hotspot/share/prims/jni.cpp, line 516]
Event: 7.469 Thread 0x00007f282c43e3a0 Exception <a 'java/lang/IncompatibleClassChangeError'{0x00000000eac6d8f0}: Found class java.lang.Object, but interface was expected> (0x00000000eac6d8f0) 
thrown [../../src/hotspot/share/interpreter/linkResolver.cpp, line 833]

VM Operations (20 events):
Event: 4.591 Executing VM operation: Cleanup
Event: 4.591 Executing VM operation: Cleanup done
Event: 4.952 Executing VM operation: ParallelGCFailedAllocation
Event: 4.984 Executing VM operation: ParallelGCFailedAllocation done
Event: 5.984 Executing VM operation: Cleanup
Event: 5.987 Executing VM operation: Cleanup done
Event: 6.051 Executing VM operation: HandshakeAllThreads
Event: 6.051 Executing VM operation: HandshakeAllThreads done
Event: 6.347 Executing VM operation: HandshakeAllThreads
Event: 6.347 Executing VM operation: HandshakeAllThreads done
Event: 6.357 Executing VM operation: HandshakeAllThreads
Event: 6.357 Executing VM operation: HandshakeAllThreads done
Event: 6.848 Executing VM operation: HandshakeAllThreads
Event: 6.848 Executing VM operation: HandshakeAllThreads done
Event: 7.389 Executing VM operation: ParallelGCFailedAllocation
Event: 7.418 Executing VM operation: ParallelGCFailedAllocation done
Event: 7.507 Executing VM operation: HandshakeAllThreads
Event: 7.507 Executing VM operation: HandshakeAllThreads done
Event: 7.522 Executing VM operation: CollectForMetadataAllocation
Event: 7.636 Executing VM operation: CollectForMetadataAllocation done

Events (20 events):
Event: 7.434 Thread 0x000055f327162d40 Thread added: 0x000055f327162d40
Event: 7.436 Protecting memory [0x00007f28105fe000,0x00007f2810602000] with protection modes 0
Event: 7.478 Thread 0x000055f327179260 Thread added: 0x000055f327179260
Event: 7.482 Protecting memory [0x00007f28104fd000,0x00007f2810501000] with protection modes 0
Event: 7.495 loading class jdk/internal/reflect/UnsafeObjectFieldAccessorImpl
Event: 7.495 loading class jdk/internal/reflect/UnsafeObjectFieldAccessorImpl done
Event: 7.495 loading class java/util/concurrent/ConcurrentSkipListMap
Event: 7.496 loading class java/util/concurrent/ConcurrentNavigableMap
Event: 7.500 loading class java/util/concurrent/ConcurrentNavigableMap done
Event: 7.500 loading class java/util/concurrent/ConcurrentSkipListMap done
Event: 7.507 loading class java/util/concurrent/ConcurrentSkipListMap$Index
Event: 7.507 loading class java/util/concurrent/ConcurrentSkipListMap$Index done
Event: 7.508 loading class java/util/concurrent/atomic/LongAdder
Event: 7.508 loading class java/util/concurrent/atomic/Striped64
Event: 7.508 loading class java/util/concurrent/atomic/Striped64 done
Event: 7.508 loading class java/util/concurrent/atomic/LongAdder done
Event: 7.508 loading class java/util/concurrent/ConcurrentSkipListMap$Node
Event: 7.508 loading class java/util/concurrent/ConcurrentSkipListMap$Node done
Event: 7.513 loading class java/util/concurrent/atomic/Striped64$1
Event: 7.513 loading class java/util/concurrent/atomic/Striped64$1 done


Dynamic libraries:
c0000000-c4300000 rw-p 00000000 00:00 0 
c4300000-eab00000 ---p 00000000 00:00 0 
eab00000-ecc00000 rw-p 00000000 00:00 0 
ecc00000-100000000 ---p 00000000 00:00 0 
100000000-100020000 rw-p 00000000 00:00 0 
100020000-100040000 rw-p 00000000 00:00 0 
100040000-1000c0000 rw-p 00000000 00:00 0 
1000c0000-1000e0000 rw-p 00000000 00:00 0 
1000e0000-100140000 rw-p 00000000 00:00 0 
100140000-100180000 rw-p 00000000 00:00 0 
100180000-100240000 rw-p 00000000 00:00 0 
100240000-100250000 rw-p 00000000 00:00 0 
100250000-140000000 ---p 00000000 00:00 0 
55f3260ff000-55f326100000 r--p 00000000 08:01 1307669                    /home/carolt/.vscode/extensions/redhat.java-1.9.0-linux-x64/jre/17.0.3-linux-x86_64/bin/java
55f326100000-55f326101000 r-xp 00001000 08:01 1307669                    /home/carolt/.vscode/extensions/redhat.java-1.9.0-linux-x64/jre/17.0.3-linux-x86_64/bin/java
55f326101000-55f326102000 r--p 00002000 08:01 1307669                    /home/carolt/.vscode/extensions/redhat.java-1.9.0-linux-x64/jre/17.0.3-linux-x86_64/bin/java
55f326102000-55f326103000 r--p 00002000 08:01 1307669                    /home/carolt/.vscode/extensions/redhat.java-1.9.0-linux-x64/jre/17.0.3-linux-x86_64/bin/java
55f326103000-55f326104000 rw-p 00003000 08:01 1307669                    /home/carolt/.vscode/extensions/redhat.java-1.9.0-linux-x64/jre/17.0.3-linux-x86_64/bin/java
55f326c6d000-55f32718a000 rw-p 00000000 00:00 0                          [heap]
7f27f4000000-7f27f44ff000 rw-p 00000000 00:00 0 
7f27f44ff000-7f27f8000000 ---p 00000000 00:00 0 
7f27fc000000-7f27fc021000 rw-p 00000000 00:00 0 
7f27fc021000-7f2800000000 ---p 00000000 00:00 0 
7f2800000000-7f2800021000 rw-p 00000000 00:00 0 
7f2800021000-7f2804000000 ---p 00000000 00:00 0 
7f2804000000-7f2804021000 rw-p 00000000 00:00 0 
7f2804021000-7f2808000000 ---p 00000000 00:00 0 
7f2808000000-7f2808021000 rw-p 00000000 00:00 0 
7f2808021000-7f280c000000 ---p 00000000 00:00 0 
7f280c000000-7f280c021000 rw-p 00000000 00:00 0 
7f280c021000-7f2810000000 ---p 00000000 00:00 0 
7f2810112000-7f28104fd000 rw-p 00000000 00:00 0 
7f28104fd000-7f2810501000 ---p 00000000 00:00 0 
7f2810501000-7f28105fe000 rw-p 00000000 00:00 0 
7f28105fe000-7f2810602000 ---p 00000000 00:00 0 
7f2810602000-7f28106ff000 rw-p 00000000 00:00 0 
7f28106ff000-7f2810703000 ---p 00000000 00:00 0 
7f2810703000-7f28108d0000 rw-p 00000000 00:00 0 
7f28108d0000-7f2810900000 ---p 00000000 00:00 0 
7f2810900000-7f2810af0000 rw-p 00000000 00:00 0 
7f2810af0000-7f2811000000 ---p 00000000 00:00 0 
7f28110e9000-7f28110ed000 ---p 00000000 00:00 0 
7f28110ed000-7f28111ea000 rw-p 00000000 00:00 0 
7f28111ea000-7f28111ee000 ---p 00000000 00:00 0 
7f28111ee000-7f28112eb000 rw-p 00000000 00:00 0 
7f28112eb000-7f28112fb000 r-xp 00000000 08:01 1308362                    /home/carolt/.config/Code/User/globalStorage/redhat.java/1.9.0/config_ss_linux/org.eclipse.equinox.launcher/org.eclipse.equinox.launcher.gtk.linux.x86_64_1.2.500.v20220509-0833/eclipse_11701.so
7f28112fb000-7f28114fa000 ---p 00010000 08:01 1308362                    /home/carolt/.config/Code/User/globalStorage/redhat.java/1.9.0/config_ss_linux/org.eclipse.equinox.launcher/org.eclipse.equinox.launcher.gtk.linux.x86_64_1.2.500.v20220509-0833/eclipse_11701.so
7f28114fa000-7f28114fb000 r--p 0000f000 08:01 1308362                    /home/carolt/.config/Code/User/globalStorage/redhat.java/1.9.0/config_ss_linux/org.eclipse.equinox.launcher/org.eclipse.equinox.launcher.gtk.linux.x86_64_1.2.500.v20220509-0833/eclipse_11701.so
7f28114fb000-7f28114fc000 rw-p 00010000 08:01 1308362                    /home/carolt/.config/Code/User/globalStorage/redhat.java/1.9.0/config_ss_linux/org.eclipse.equinox.launcher/org.eclipse.equinox.launcher.gtk.linux.x86_64_1.2.500.v20220509-0833/eclipse_11701.so
7f28114fc000-7f28114fd000 rw-p 00000000 00:00 0 
7f28114fd000-7f2811501000 ---p 00000000 00:00 0 
7f2811501000-7f28115fe000 rw-p 00000000 00:00 0 
7f28115fe000-7f2811602000 ---p 00000000 00:00 0 
7f2811602000-7f28116ff000 rw-p 00000000 00:00 0 
7f28116ff000-7f2811703000 ---p 00000000 00:00 0 
7f2811703000-7f2811900000 rw-p 00000000 00:00 0 
7f2811900000-7f2811a00000 rw-p 00000000 00:00 0 
7f2811a00000-7f2811b00000 rw-p 00000000 00:00 0 
7f2811b00000-7f2811c00000 rw-p 00000000 00:00 0 
7f2811c00000-7f2811d80000 rw-p 00000000 00:00 0 
7f2811d80000-7f2811e00000 rw-p 00000000 00:00 0 
7f2811e00000-7f2812000000 rw-p 00000000 00:00 0 
7f2812017000-7f2812018000 ---p 00000000 00:00 0 
7f2812018000-7f2812118000 rw-p 00000000 00:00 0 
7f2812118000-7f281211c000 ---p 00000000 00:00 0 
7f281211c000-7f2812219000 rw-p 00000000 00:00 0 
7f2812219000-7f281221d000 ---p 00000000 00:00 0 
7f281221d000-7f281231a000 rw-p 00000000 00:00 0 
7f281231a000-7f281231e000 ---p 00000000 00:00 0 
7f281231e000-7f281241b000 rw-p 00000000 00:00 0 
7f281241b000-7f281241f000 ---p 00000000 00:00 0 
7f281241f000-7f281251c000 rw-p 00000000 00:00 0 
7f281251c000-7f2812520000 ---p 00000000 00:00 0 
7f2812520000-7f281261d000 rw-p 00000000 00:00 0 
7f281261d000-7f2812621000 ---p 00000000 00:00 0 
7f2812621000-7f281271e000 rw-p 00000000 00:00 0 
7f281271e000-7f2812722000 ---p 00000000 00:00 0 
7f2812722000-7f281281f000 rw-p 00000000 00:00 0 
7f281281f000-7f2812823000 ---p 00000000 00:00 0 
7f2812823000-7f2812920000 rw-p 00000000 00:00 0 
7f2812920000-7f2812bf8000 r--p 00000000 08:01 662979                     /usr/lib/locale/locale-archive
7f2812bf8000-7f2812bfc000 ---p 00000000 00:00 0 
7f2812bfc000-7f2812cf9000 rw-p 00000000 00:00 0 
7f2812cf9000-7f2812cfd000 ---p 00000000 00:00 0 
7f2812cfd000-7f2812dfa000 rw-p 00000000 00:00 0 
7f2812dfa000-7f2812dfb000 ---p 00000000 00:00 0 
7f2812dfb000-7f2813800000 rw-p 00000000 00:00 0 
7f2813800000-7f2813880000 rw-p 00000000 00:00 0 
7f2813880000-7f2813900000 rw-p 00000000 00:00 0 
7f2813900000-7f2813c00000 rw-p 00000000 00:00 0 
7f2813ccd000-7f2813cd4000 r--s 00000000 08:01 801433                     /usr/lib/x86_64-linux-gnu/gconv/gconv-modules.cache
7f2813cd4000-7f2813cd6000 r--p 00000000 08:01 1308063                    /home/carolt/.vscode/extensions/redhat.java-1.9.0-linux-x64/jre/17.0.3-linux-x86_64/lib/libmanagement_ext.so
7f2813cd6000-7f2813cd9000 r-xp 00002000 08:01 1308063                    /home/carolt/.vscode/extensions/redhat.java-1.9.0-linux-x64/jre/17.0.3-linux-x86_64/lib/libmanagement_ext.so
7f2813cd9000-7f2813cda000 r--p 00005000 08:01 1308063                    /home/carolt/.vscode/extensions/redhat.java-1.9.0-linux-x64/jre/17.0.3-linux-x86_64/lib/libmanagement_ext.so
7f2813cda000-7f2813cdb000 ---p 00006000 08:01 1308063                    /home/carolt/.vscode/extensions/redhat.java-1.9.0-linux-x64/jre/17.0.3-linux-x86_64/lib/libmanagement_ext.so
7f2813cdb000-7f2813cdc000 r--p 00006000 08:01 1308063                    /home/carolt/.vscode/extensions/redhat.java-1.9.0-linux-x64/jre/17.0.3-linux-x86_64/lib/libmanagement_ext.so
7f2813cdc000-7f2813cdd000 rw-p 00007000 08:01 1308063                    /home/carolt/.vscode/extensions/redhat.java-1.9.0-linux-x64/jre/17.0.3-linux-x86_64/lib/libmanagement_ext.so
7f2813cdd000-7f2813ce1000 ---p 00000000 00:00 0 
7f2813ce1000-7f2814000000 rw-p 00000000 00:00 0 
7f2814000000-7f2814021000 rw-p 00000000 00:00 0 
7f2814021000-7f2818000000 ---p 00000000 00:00 0 
7f2818002000-7f2818006000 r--p 00000000 08:01 1308066                    /home/carolt/.vscode/extensions/redhat.java-1.9.0-linux-x64/jre/17.0.3-linux-x86_64/lib/libnet.so
7f2818006000-7f2818014000 r-xp 00004000 08:01 1308066                    /home/carolt/.vscode/extensions/redhat.java-1.9.0-linux-x64/jre/17.0.3-linux-x86_64/lib/libnet.so
7f2818014000-7f2818018000 r--p 00012000 08:01 1308066                    /home/carolt/.vscode/extensions/redhat.java-1.9.0-linux-x64/jre/17.0.3-linux-x86_64/lib/libnet.so
7f2818018000-7f2818019000 r--p 00015000 08:01 1308066                    /home/carolt/.vscode/extensions/redhat.java-1.9.0-linux-x64/jre/17.0.3-linux-x86_64/lib/libnet.so
7f2818019000-7f281801a000 rw-p 00016000 08:01 1308066                    /home/carolt/.vscode/extensions/redhat.java-1.9.0-linux-x64/jre/17.0.3-linux-x86_64/lib/libnet.so
7f281801a000-7f281a0bd000 rw-p 00000000 00:00 0 
7f281a0bd000-7f281a1f1000 ---p 00000000 00:00 0 
7f281a1f1000-7f281a213000 rw-p 00000000 00:00 0 
7f281a213000-7f281a346000 ---p 00000000 00:00 0 
7f281a346000-7f281a357000 rw-p 00000000 00:00 0 
7f281a357000-7f281a3f1000 ---p 00000000 00:00 0 
7f281a3f1000-7f281a3f2000 rw-p 00000000 00:00 0 
7f281a3f2000-7f281a662000 rwxp 00000000 00:00 0 
7f281a662000-7f281a981000 ---p 00000000 00:00 0 
7f281a981000-7f281ad71000 rwxp 00000000 00:00 0 
7f281ad71000-7f2821eb9000 ---p 00000000 00:00 0 
7f2821eb9000-7f2822129000 rwxp 00000000 00:00 0 
7f2822129000-7f28293f2000 ---p 00000000 00:00 0 
7f28293f2000-7f282c000000 r--s 00000000 08:01 1308075                    /home/carolt/.vscode/extensions/redhat.java-1.9.0-linux-x64/jre/17.0.3-linux-x86_64/lib/modules
7f282c000000-7f282c476000 rw-p 00000000 00:00 0 
7f282c476000-7f2830000000 ---p 00000000 00:00 0 
7f2830004000-7f2830007000 r--p 00000000 08:01 1308064                    /home/carolt/.vscode/extensions/redhat.java-1.9.0-linux-x64/jre/17.0.3-linux-x86_64/lib/libmanagement.so
7f2830007000-7f2830008000 r-xp 00003000 08:01 1308064                    /home/carolt/.vscode/extensions/redhat.java-1.9.0-linux-x64/jre/17.0.3-linux-x86_64/lib/libmanagement.so
7f2830008000-7f2830009000 r--p 00004000 08:01 1308064                    /home/carolt/.vscode/extensions/redhat.java-1.9.0-linux-x64/jre/17.0.3-linux-x86_64/lib/libmanagement.so
7f2830009000-7f283000a000 r--p 00004000 08:01 1308064                    /home/carolt/.vscode/extensions/redhat.java-1.9.0-linux-x64/jre/17.0.3-linux-x86_64/lib/libmanagement.so
7f283000a000-7f283000b000 rw-p 00005000 08:01 1308064                    /home/carolt/.vscode/extensions/redhat.java-1.9.0-linux-x64/jre/17.0.3-linux-x86_64/lib/libmanagement.so
7f283000b000-7f2830012000 r--p 00000000 08:01 1308067                    /home/carolt/.vscode/extensions/redhat.java-1.9.0-linux-x64/jre/17.0.3-linux-x86_64/lib/libnio.so
7f2830012000-7f283001b000 r-xp 00007000 08:01 1308067                    /home/carolt/.vscode/extensions/redhat.java-1.9.0-linux-x64/jre/17.0.3-linux-x86_64/lib/libnio.so
7f283001b000-7f283001f000 r--p 00010000 08:01 1308067                    /home/carolt/.vscode/extensions/redhat.java-1.9.0-linux-x64/jre/17.0.3-linux-x86_64/lib/libnio.so
7f283001f000-7f2830020000 ---p 00014000 08:01 1308067                    /home/carolt/.vscode/extensions/redhat.java-1.9.0-linux-x64/jre/17.0.3-linux-x86_64/lib/libnio.so
7f2830020000-7f2830021000 r--p 00014000 08:01 1308067                    /home/carolt/.vscode/extensions/redhat.java-1.9.0-linux-x64/jre/17.0.3-linux-x86_64/lib/libnio.so
7f2830021000-7f2830022000 rw-p 00015000 08:01 1308067                    /home/carolt/.vscode/extensions/redhat.java-1.9.0-linux-x64/jre/17.0.3-linux-x86_64/lib/libnio.so
7f2830022000-7f283007d000 rw-p 00000000 00:00 0 
7f283007d000-7f283007e000 ---p 00000000 00:00 0 
7f283007e000-7f2830183000 rw-p 00000000 00:00 0 
7f2830183000-7f2830269000 ---p 00000000 00:00 0 
7f2830269000-7f2830271000 rw-p 00000000 00:00 0 
7f2830271000-7f2830354000 ---p 00000000 00:00 0 
7f2830354000-7f283035f000 r-xp 00000000 08:01 399943                     /lib/x86_64-linux-gnu/libnss_files-2.23.so
7f283035f000-7f283055e000 ---p 0000b000 08:01 399943                     /lib/x86_64-linux-gnu/libnss_files-2.23.so
7f283055e000-7f283055f000 r--p 0000a000 08:01 399943                     /lib/x86_64-linux-gnu/libnss_files-2.23.so
7f283055f000-7f2830560000 rw-p 0000b000 08:01 399943                     /lib/x86_64-linux-gnu/libnss_files-2.23.so
7f2830560000-7f2830566000 rw-p 00000000 00:00 0 
7f2830566000-7f2830571000 r-xp 00000000 08:01 399951                     /lib/x86_64-linux-gnu/libnss_nis-2.23.so
7f2830571000-7f2830770000 ---p 0000b000 08:01 399951                     /lib/x86_64-linux-gnu/libnss_nis-2.23.so
7f2830770000-7f2830771000 r--p 0000a000 08:01 399951                     /lib/x86_64-linux-gnu/libnss_nis-2.23.so
7f2830771000-7f2830772000 rw-p 0000b000 08:01 399951                     /lib/x86_64-linux-gnu/libnss_nis-2.23.so
7f2830772000-7f2830788000 r-xp 00000000 08:01 399952                     /lib/x86_64-linux-gnu/libnsl-2.23.so
7f2830788000-7f2830987000 ---p 00016000 08:01 399952                     /lib/x86_64-linux-gnu/libnsl-2.23.so
7f2830987000-7f2830988000 r--p 00015000 08:01 399952                     /lib/x86_64-linux-gnu/libnsl-2.23.so
7f2830988000-7f2830989000 rw-p 00016000 08:01 399952                     /lib/x86_64-linux-gnu/libnsl-2.23.so
7f2830989000-7f283098b000 rw-p 00000000 00:00 0 
7f283098b000-7f2830993000 r-xp 00000000 08:01 399955                     /lib/x86_64-linux-gnu/libnss_compat-2.23.so
7f2830993000-7f2830b92000 ---p 00008000 08:01 399955                     /lib/x86_64-linux-gnu/libnss_compat-2.23.so
7f2830b92000-7f2830b93000 r--p 00007000 08:01 399955                     /lib/x86_64-linux-gnu/libnss_compat-2.23.so
7f2830b93000-7f2830b94000 rw-p 00008000 08:01 399955                     /lib/x86_64-linux-gnu/libnss_compat-2.23.so
7f2830b94000-7f2830c9c000 r-xp 00000000 08:01 399947                     /lib/x86_64-linux-gnu/libm-2.23.so
7f2830c9c000-7f2830e9b000 ---p 00108000 08:01 399947                     /lib/x86_64-linux-gnu/libm-2.23.so
7f2830e9b000-7f2830e9c000 r--p 00107000 08:01 399947                     /lib/x86_64-linux-gnu/libm-2.23.so
7f2830e9c000-7f2830e9d000 rw-p 00108000 08:01 399947                     /lib/x86_64-linux-gnu/libm-2.23.so
7f2830e9d000-7f2830ea4000 r-xp 00000000 08:01 399942                     /lib/x86_64-linux-gnu/librt-2.23.so
7f2830ea4000-7f28310a3000 ---p 00007000 08:01 399942                     /lib/x86_64-linux-gnu/librt-2.23.so
7f28310a3000-7f28310a4000 r--p 00006000 08:01 399942                     /lib/x86_64-linux-gnu/librt-2.23.so
7f28310a4000-7f28310a5000 rw-p 00007000 08:01 399942                     /lib/x86_64-linux-gnu/librt-2.23.so
7f28310a5000-7f28312f6000 r--p 00000000 08:01 1308085                    /home/carolt/.vscode/extensions/redhat.java-1.9.0-linux-x64/jre/17.0.3-linux-x86_64/lib/server/libjvm.so
7f28312f6000-7f283200b000 r-xp 00251000 08:01 1308085                    /home/carolt/.vscode/extensions/redhat.java-1.9.0-linux-x64/jre/17.0.3-linux-x86_64/lib/server/libjvm.so
7f283200b000-7f2832296000 r--p 00f66000 08:01 1308085                    /home/carolt/.vscode/extensions/redhat.java-1.9.0-linux-x64/jre/17.0.3-linux-x86_64/lib/server/libjvm.so
7f2832296000-7f2832297000 ---p 011f1000 08:01 1308085                    /home/carolt/.vscode/extensions/redhat.java-1.9.0-linux-x64/jre/17.0.3-linux-x86_64/lib/server/libjvm.so
7f2832297000-7f2832350000 r--p 011f1000 08:01 1308085                    /home/carolt/.vscode/extensions/redhat.java-1.9.0-linux-x64/jre/17.0.3-linux-x86_64/lib/server/libjvm.so
7f2832350000-7f2832385000 rw-p 012aa000 08:01 1308085                    /home/carolt/.vscode/extensions/redhat.java-1.9.0-linux-x64/jre/17.0.3-linux-x86_64/lib/server/libjvm.so
7f2832385000-7f28323de000 rw-p 00000000 00:00 0 
7f28323de000-7f283259e000 r-xp 00000000 08:01 399954                     /lib/x86_64-linux-gnu/libc-2.23.so
7f283259e000-7f283279e000 ---p 001c0000 08:01 399954                     /lib/x86_64-linux-gnu/libc-2.23.so
7f283279e000-7f28327a2000 r--p 001c0000 08:01 399954                     /lib/x86_64-linux-gnu/libc-2.23.so
7f28327a2000-7f28327a4000 rw-p 001c4000 08:01 399954                     /lib/x86_64-linux-gnu/libc-2.23.so
7f28327a4000-7f28327a8000 rw-p 00000000 00:00 0 
7f28327a8000-7f28327ab000 r-xp 00000000 08:01 399939                     /lib/x86_64-linux-gnu/libdl-2.23.so
7f28327ab000-7f28329aa000 ---p 00003000 08:01 399939                     /lib/x86_64-linux-gnu/libdl-2.23.so
7f28329aa000-7f28329ab000 r--p 00002000 08:01 399939                     /lib/x86_64-linux-gnu/libdl-2.23.so
7f28329ab000-7f28329ac000 rw-p 00003000 08:01 399939                     /lib/x86_64-linux-gnu/libdl-2.23.so
7f28329ac000-7f28329c4000 r-xp 00000000 08:01 399934                     /lib/x86_64-linux-gnu/libpthread-2.23.so
7f28329c4000-7f2832bc3000 ---p 00018000 08:01 399934                     /lib/x86_64-linux-gnu/libpthread-2.23.so
7f2832bc3000-7f2832bc4000 r--p 00017000 08:01 399934                     /lib/x86_64-linux-gnu/libpthread-2.23.so
7f2832bc4000-7f2832bc5000 rw-p 00018000 08:01 399934                     /lib/x86_64-linux-gnu/libpthread-2.23.so
7f2832bc5000-7f2832bc9000 rw-p 00000000 00:00 0 
7f2832bc9000-7f2832be2000 r-xp 00000000 08:01 397997                     /lib/x86_64-linux-gnu/libz.so.1.2.8
7f2832be2000-7f2832de1000 ---p 00019000 08:01 397997                     /lib/x86_64-linux-gnu/libz.so.1.2.8
7f2832de1000-7f2832de2000 r--p 00018000 08:01 397997                     /lib/x86_64-linux-gnu/libz.so.1.2.8
7f2832de2000-7f2832de3000 rw-p 00019000 08:01 397997                     /lib/x86_64-linux-gnu/libz.so.1.2.8
7f2832de3000-7f2832e09000 r-xp 00000000 08:01 399944                     /lib/x86_64-linux-gnu/ld-2.23.so
7f2832e0e000-7f2832e12000 r--p 00000000 08:01 1308073                    /home/carolt/.vscode/extensions/redhat.java-1.9.0-linux-x64/jre/17.0.3-linux-x86_64/lib/libverify.so
7f2832e12000-7f2832e19000 r-xp 00004000 08:01 1308073                    /home/carolt/.vscode/extensions/redhat.java-1.9.0-linux-x64/jre/17.0.3-linux-x86_64/lib/libverify.so
7f2832e19000-7f2832e1b000 r--p 0000b000 08:01 1308073                    /home/carolt/.vscode/extensions/redhat.java-1.9.0-linux-x64/jre/17.0.3-linux-x86_64/lib/libverify.so
7f2832e1b000-7f2832e1d000 r--p 0000c000 08:01 1308073                    /home/carolt/.vscode/extensions/redhat.java-1.9.0-linux-x64/jre/17.0.3-linux-x86_64/lib/libverify.so
7f2832e1d000-7f2832e1e000 rw-p 0000e000 08:01 1308073                    /home/carolt/.vscode/extensions/redhat.java-1.9.0-linux-x64/jre/17.0.3-linux-x86_64/lib/libverify.so
7f2832e1e000-7f2832e20000 r--p 00000000 08:01 1308074                    /home/carolt/.vscode/extensions/redhat.java-1.9.0-linux-x64/jre/17.0.3-linux-x86_64/lib/libzip.so
7f2832e20000-7f2832e24000 r-xp 00002000 08:01 1308074                    /home/carolt/.vscode/extensions/redhat.java-1.9.0-linux-x64/jre/17.0.3-linux-x86_64/lib/libzip.so
7f2832e24000-7f2832e26000 r--p 00006000 08:01 1308074                    /home/carolt/.vscode/extensions/redhat.java-1.9.0-linux-x64/jre/17.0.3-linux-x86_64/lib/libzip.so
7f2832e26000-7f2832e27000 r--p 00007000 08:01 1308074                    /home/carolt/.vscode/extensions/redhat.java-1.9.0-linux-x64/jre/17.0.3-linux-x86_64/lib/libzip.so
7f2832e27000-7f2832e28000 rw-p 00008000 08:01 1308074                    /home/carolt/.vscode/extensions/redhat.java-1.9.0-linux-x64/jre/17.0.3-linux-x86_64/lib/libzip.so
7f2832e28000-7f2832e82000 rw-p 00000000 00:00 0 
7f2832e82000-7f2832e89000 ---p 00000000 00:00 0 
7f2832e89000-7f2832e96000 r--p 00000000 08:01 1308053                    /home/carolt/.vscode/extensions/redhat.java-1.9.0-linux-x64/jre/17.0.3-linux-x86_64/lib/libjava.so
7f2832e96000-7f2832ea8000 r-xp 0000d000 08:01 1308053                    /home/carolt/.vscode/extensions/redhat.java-1.9.0-linux-x64/jre/17.0.3-linux-x86_64/lib/libjava.so
7f2832ea8000-7f2832eae000 r--p 0001f000 08:01 1308053                    /home/carolt/.vscode/extensions/redhat.java-1.9.0-linux-x64/jre/17.0.3-linux-x86_64/lib/libjava.so
7f2832eae000-7f2832eaf000 ---p 00025000 08:01 1308053                    /home/carolt/.vscode/extensions/redhat.java-1.9.0-linux-x64/jre/17.0.3-linux-x86_64/lib/libjava.so
7f2832eaf000-7f2832eb0000 r--p 00025000 08:01 1308053                    /home/carolt/.vscode/extensions/redhat.java-1.9.0-linux-x64/jre/17.0.3-linux-x86_64/lib/libjava.so
7f2832eb0000-7f2832eb1000 rw-p 00026000 08:01 1308053                    /home/carolt/.vscode/extensions/redhat.java-1.9.0-linux-x64/jre/17.0.3-linux-x86_64/lib/libjava.so
7f2832eb1000-7f2832eb2000 rw-p 00000000 00:00 0 
7f2832eb2000-7f2832eb6000 r--p 00000000 08:01 1308057                    /home/carolt/.vscode/extensions/redhat.java-1.9.0-linux-x64/jre/17.0.3-linux-x86_64/lib/libjimage.so
7f2832eb6000-7f2832ec9000 r-xp 00004000 08:01 1308057                    /home/carolt/.vscode/extensions/redhat.java-1.9.0-linux-x64/jre/17.0.3-linux-x86_64/lib/libjimage.so
7f2832ec9000-7f2832ecf000 r--p 00017000 08:01 1308057                    /home/carolt/.vscode/extensions/redhat.java-1.9.0-linux-x64/jre/17.0.3-linux-x86_64/lib/libjimage.so
7f2832ecf000-7f2832ed1000 r--p 0001c000 08:01 1308057                    /home/carolt/.vscode/extensions/redhat.java-1.9.0-linux-x64/jre/17.0.3-linux-x86_64/lib/libjimage.so
7f2832ed1000-7f2832ed2000 rw-p 0001e000 08:01 1308057                    /home/carolt/.vscode/extensions/redhat.java-1.9.0-linux-x64/jre/17.0.3-linux-x86_64/lib/libjimage.so
7f2832ed2000-7f2832ed6000 ---p 00000000 00:00 0 
7f2832ed6000-7f2832fd7000 rw-p 00000000 00:00 0 
7f2832fd7000-7f2832fda000 r--p 00000000 08:01 1308058                    /home/carolt/.vscode/extensions/redhat.java-1.9.0-linux-x64/jre/17.0.3-linux-x86_64/lib/libjli.so
7f2832fda000-7f2832fe4000 r-xp 00003000 08:01 1308058                    /home/carolt/.vscode/extensions/redhat.java-1.9.0-linux-x64/jre/17.0.3-linux-x86_64/lib/libjli.so
7f2832fe4000-7f2832fe7000 r--p 0000d000 08:01 1308058                    /home/carolt/.vscode/extensions/redhat.java-1.9.0-linux-x64/jre/17.0.3-linux-x86_64/lib/libjli.so
7f2832fe7000-7f2832fe8000 ---p 00010000 08:01 1308058                    /home/carolt/.vscode/extensions/redhat.java-1.9.0-linux-x64/jre/17.0.3-linux-x86_64/lib/libjli.so
7f2832fe8000-7f2832fe9000 r--p 00010000 08:01 1308058                    /home/carolt/.vscode/extensions/redhat.java-1.9.0-linux-x64/jre/17.0.3-linux-x86_64/lib/libjli.so
7f2832fe9000-7f2832fea000 rw-p 00011000 08:01 1308058                    /home/carolt/.vscode/extensions/redhat.java-1.9.0-linux-x64/jre/17.0.3-linux-x86_64/lib/libjli.so
7f2832fef000-7f2832ff7000 rw-s 00000000 08:01 1198321                    /tmp/hsperfdata_carolt/3638
7f2832ff7000-7f2832ff9000 r--p 00000000 08:01 1308048                    /home/carolt/.vscode/extensions/redhat.java-1.9.0-linux-x64/jre/17.0.3-linux-x86_64/lib/libinstrument.so
7f2832ff9000-7f2832fff000 r-xp 00002000 08:01 1308048                    /home/carolt/.vscode/extensions/redhat.java-1.9.0-linux-x64/jre/17.0.3-linux-x86_64/lib/libinstrument.so
7f2832fff000-7f2833002000 r--p 00008000 08:01 1308048                    /home/carolt/.vscode/extensions/redhat.java-1.9.0-linux-x64/jre/17.0.3-linux-x86_64/lib/libinstrument.so
7f2833002000-7f2833003000 r--p 0000a000 08:01 1308048                    /home/carolt/.vscode/extensions/redhat.java-1.9.0-linux-x64/jre/17.0.3-linux-x86_64/lib/libinstrument.so
7f2833003000-7f2833004000 rw-p 0000b000 08:01 1308048                    /home/carolt/.vscode/extensions/redhat.java-1.9.0-linux-x64/jre/17.0.3-linux-x86_64/lib/libinstrument.so
7f2833004000-7f2833005000 ---p 00000000 00:00 0 
7f2833005000-7f2833006000 r--p 00000000 00:00 0 
7f2833006000-7f2833007000 ---p 00000000 00:00 0 
7f2833007000-7f2833008000 rw-p 00000000 00:00 0 
7f2833008000-7f2833009000 r--p 00025000 08:01 399944                     /lib/x86_64-linux-gnu/ld-2.23.so
7f2833009000-7f283300a000 rw-p 00026000 08:01 399944                     /lib/x86_64-linux-gnu/ld-2.23.so
7f283300a000-7f283300b000 rw-p 00000000 00:00 0 
7ffc03c72000-7ffc03c94000 rw-p 00000000 00:00 0                          [stack]
7ffc03dd3000-7ffc03dd6000 r--p 00000000 00:00 0                          [vvar]
7ffc03dd6000-7ffc03dd8000 r-xp 00000000 00:00 0                          [vdso]
ffffffffff600000-ffffffffff601000 r-xp 00000000 00:00 0                  [vsyscall]


VM Arguments:
jvm_args: --add-modules=ALL-SYSTEM --add-opens=java.base/java.util=ALL-UNNAMED --add-opens=java.base/java.lang=ALL-UNNAMED --add-opens=java.base/sun.nio.fs=ALL-UNNAMED -Declipse.application=org.eclipse.jdt.ls.core.id1 -Dosgi.bundles.defaultStartLevel=4 -Declipse.product=org.eclipse.jdt.ls.core.product -Djava.import.generatesMetadataFilesAtProjectRoot=false -Dfile.encoding=utf8 -XX:+UseParallelGC -XX:GCTimeRatio=4 -XX:AdaptiveSizePolicyWeight=90 -Dsun.zip.disableMemoryMapping=true -Xmx1G -Xms100m -javaagent:/home/carolt/.vscode/extensions/redhat.java-1.9.0-linux-x64/lombok/lombok-1.18.24.jar 
java_command: /home/carolt/.vscode/extensions/redhat.java-1.9.0-linux-x64/server/plugins/org.eclipse.equinox.launcher_1.6.400.v20210924-0641.jar -configuration /home/carolt/.config/Code/User/globalStorage/redhat.java/1.9.0/config_ss_linux -data /home/carolt/.config/Code/User/workspaceStorage/3df8795acfe9d1c7229c9e5509dd5ed9/redhat.java/ss_ws
java_class_path (initial): /home/carolt/.vscode/extensions/redhat.java-1.9.0-linux-x64/server/plugins/org.eclipse.equinox.launcher_1.6.400.v20210924-0641.jar
Launcher Type: SUN_STANDARD

[Global flags]
    uintx AdaptiveSizePolicyWeight                 = 90                                        {product} {command line}
     intx CICompilerCount                          = 2                                         {product} {ergonomic}
    uintx GCTimeRatio                              = 4                                         {product} {command line}
   size_t InitialHeapSize                          = 104857600                                 {product} {command line}
   size_t MaxHeapSize                              = 1073741824                                {product} {command line}
   size_t MaxNewSize                               = 357564416                                 {product} {ergonomic}
   size_t MinHeapDeltaBytes                        = 524288                                    {product} {ergonomic}
   size_t MinHeapSize                              = 104857600                                 {product} {command line}
   size_t NewSize                                  = 34603008                                  {product} {ergonomic}
    uintx NonNMethodCodeHeapSize                   = 5826188                                {pd product} {ergonomic}
    uintx NonProfiledCodeHeapSize                  = 122916026                              {pd product} {ergonomic}
   size_t OldSize                                  = 70254592                                  {product} {ergonomic}
    uintx ProfiledCodeHeapSize                     = 122916026                              {pd product} {ergonomic}
    uintx ReservedCodeCacheSize                    = 251658240                              {pd product} {ergonomic}
     bool SegmentedCodeCache                       = true                                      {product} {ergonomic}
   size_t SoftMaxHeapSize                          = 1073741824                             {manageable} {ergonomic}
     bool UseCompressedClassPointers               = true                           {product lp64_product} {ergonomic}
     bool UseCompressedOops                        = true                           {product lp64_product} {ergonomic}
     bool UseParallelGC                            = true                                      {product} {command line}

Logging:
Log output configuration:
 #0: stdout all=warning uptime,level,tags
 #1: stderr all=off uptime,level,tags

Environment Variables:
PATH=/home/carolt/bin:/home/carolt/.local/bin:/usr/local/gcc-11.2/bin:/usr/local/gcc-11.2/bin:/home/carolt/bin:/home/carolt/.local/bin:/usr/local/sbin:/usr/local/bin:/usr/sbin:/usr/bin:/sbin:/bin:/usr/games:/usr/local/games:/snap/bin
LD_LIBRARY_PATH=/usr/local/gcc-11.2/lib64:/usr/local/gcc-11.2/lib64:
SHELL=/bin/bash
DISPLAY=:0
LANG=en_US.UTF-8

Signal Handlers:
   SIGSEGV: crash_handler in libjvm.so, mask=11100100010111111101111111111110, flags=SA_RESTART|SA_SIGINFO
    SIGBUS: crash_handler in libjvm.so, mask=11100100010111111101111111111110, flags=SA_RESTART|SA_SIGINFO
    SIGFPE: crash_handler in libjvm.so, mask=11100100010111111101111111111110, flags=SA_RESTART|SA_SIGINFO
   SIGPIPE: javaSignalHandler in libjvm.so, mask=11100100010111111101111111111110, flags=SA_RESTART|SA_SIGINFO
   SIGXFSZ: javaSignalHandler in libjvm.so, mask=11100100010111111101111111111110, flags=SA_RESTART|SA_SIGINFO
    SIGILL: crash_handler in libjvm.so, mask=11100100010111111101111111111110, flags=SA_RESTART|SA_SIGINFO
   SIGUSR2: SR_handler in libjvm.so, mask=00000000000000000000000000000000, flags=SA_RESTART|SA_SIGINFO
    SIGHUP: UserHandler in libjvm.so, mask=11100100010111111101111111111110, flags=SA_RESTART|SA_SIGINFO
    SIGINT: UserHandler in libjvm.so, mask=11100100010111111101111111111110, flags=SA_RESTART|SA_SIGINFO
   SIGTERM: UserHandler in libjvm.so, mask=11100100010111111101111111111110, flags=SA_RESTART|SA_SIGINFO
   SIGQUIT: UserHandler in libjvm.so, mask=11100100010111111101111111111110, flags=SA_RESTART|SA_SIGINFO
  *** Handler was modified!
  *** Expected: javaSignalHandler in libjvm.so, mask=11100100110111111111111111111110, flags=SA_RESTART|SA_SIGINFO
   SIGTRAP: crash_handler in libjvm.so, mask=11100100010111111101111111111110, flags=SA_RESTART|SA_SIGINFO


---------------  S Y S T E M  ---------------

OS:
DISTRIB_ID=Ubuntu
DISTRIB_RELEASE=16.04
DISTRIB_CODENAME=xenial
DISTRIB_DESCRIPTION="Ubuntu 16.04.7 LTS"
uname: Linux 4.15.0-142-generic #146~16.04.1-Ubuntu SMP Tue Apr 13 09:27:15 UTC 2021 x86_64
OS uptime: 0 days 0:05 hours
libc: glibc 2.23 NPTL 2.23 
rlimit (soft/hard): STACK 8192k/infinity , CORE 0k/infinity , NPROC 7640/7640 , NOFILE 1048576/1048576 , AS infinity/infinity , CPU infinity/infinity , DATA infinity/infinity , FSIZE infinity/infinity , MEMLOCK 64k/64k
load average: 3.64 2.12 0.87

/proc/meminfo:
MemTotal:        2017508 kB
MemFree:          188784 kB
MemAvailable:     493708 kB
Buffers:           20604 kB
Cached:           428272 kB
SwapCached:            0 kB
Active:          1218052 kB
Inactive:         250776 kB
Active(anon):    1021484 kB
Inactive(anon):    30760 kB
Active(file):     196568 kB
Inactive(file):   220016 kB
Unevictable:          64 kB
Mlocked:              64 kB
SwapTotal:             0 kB
SwapFree:              0 kB
Dirty:              3012 kB
Writeback:             0 kB
AnonPages:       1020104 kB
Mapped:           196740 kB
Shmem:             32272 kB
Slab:              90012 kB
SReclaimable:      39508 kB
SUnreclaim:        50504 kB
KernelStack:       12492 kB
PageTables:        37452 kB
NFS_Unstable:          0 kB
Bounce:                0 kB
WritebackTmp:          0 kB
CommitLimit:     1008752 kB
Committed_AS:    5368216 kB
VmallocTotal:   34359738367 kB
VmallocUsed:           0 kB
VmallocChunk:          0 kB
HardwareCorrupted:     0 kB
AnonHugePages:         0 kB
ShmemHugePages:        0 kB
ShmemPmdMapped:        0 kB
CmaTotal:              0 kB
CmaFree:               0 kB
HugePages_Total:       0
HugePages_Free:        0
HugePages_Rsvd:        0
HugePages_Surp:        0
Hugepagesize:       2048 kB
DirectMap4k:      114560 kB
DirectMap2M:     1982464 kB
DirectMap1G:           0 kB

/sys/kernel/mm/transparent_hugepage/enabled: always [madvise] never
/sys/kernel/mm/transparent_hugepage/defrag (defrag/compaction efforts parameter): always defer defer+madvise [madvise] never

Process Memory:
Virtual Size: 3066260K (peak: 3089304K)
Resident Set Size: 116308K (peak: 116308K) (anon: 89432K, file: 26876K, shmem: 0K)
Swapped out: 0K
C-Heap outstanding allocations: 12191K

/proc/sys/kernel/threads-max (system-wide limit on the number of threads): 15281
/proc/sys/vm/max_map_count (maximum number of memory map areas a process may have): 65530
/proc/sys/kernel/pid_max (system-wide limit on number of process identifiers): 131072

container (cgroup) information:
container_type: cgroupv1
cpu_cpuset_cpus: 0
cpu_memory_nodes: 0
active_processor_count: 1
cpu_quota: no quota
cpu_period: 100000
cpu_shares: no shares
memory_limit_in_bytes: unlimited
memory_and_swap_limit_in_bytes: not supported
memory_soft_limit_in_bytes: unlimited
memory_usage_in_bytes: 1504030720
memory_max_usage_in_bytes: unlimited
maximum number of tasks: 12288
current number of tasks: 419

VMWare virtualization detected
Steal ticks since vm start: 0
Steal ticks percentage since vm start:  0.000

CPU: total 1 (initial active 1) (1 cores per cpu, 1 threads per core) family 23 model 24 stepping 1 microcode 0x8108102, cx8, cmov, fxsr, mmx, 3dnowpref, sse, sse2, sse3, ssse3, sse4a, sse4.1, sse4.2, popcnt, lzcnt, tsc, tscinvbit, avx, avx2, aes, clmul, bmi1, bmi2, adx, sha, fma, vzeroupper, clflush, clflushopt, hv
CPU Model and flags from /proc/cpuinfo:
model name	: AMD Ryzen 5 3500U with Radeon Vega Mobile Gfx
flags		: fpu vme de pse tsc msr pae mce cx8 apic sep mtrr pge mca cmov pat pse36 clflush mmx fxsr sse sse2 syscall nx mmxext fxsr_opt pdpe1gb rdtscp lm constant_tsc rep_good nopl xtopology tsc_reliable nonstop_tsc cpuid extd_apicid pni pclmulqdq ssse3 fma cx16 sse4_1 sse4_2 x2apic movbe popcnt aes xsave avx f16c rdrand hypervisor lahf_lm extapic cr8_legacy abm sse4a misalignsse 3dnowprefetch osvw topoext ssbd ibpb vmmcall fsgsbase bmi1 avx2 smep bmi2 rdseed adx smap clflushopt sha_ni xsaveopt xsavec xgetbv1 xsaves clzero arat overflow_recov succor

Online cpus: 0
Offline cpus: 1-127
BIOS frequency limitation: <Not Available>
Frequency switch latency (ns): <Not Available>
Available cpu frequencies: <Not Available>
Current governor: <Not Available>
Core performance/turbo boost: <Not Available>

Memory: 4k page, physical 2017508k(188660k free), swap 0k(0k free)
Page Sizes: 4k

vm_info: OpenJDK 64-Bit Server VM (17.0.3+7) for linux-amd64 JRE (17.0.3+7), built on Apr 19 2022 21:30:15 by "" with gcc 10.3.0

END.
